c:\users\nunob\onedrive - ipc - instituto superior de engenharia de coimbra\escola\2017-18\1ºsemestre\poo\tp_poo\tp_poo\x64\debug\vc141.pdb
c:\users\nunob\onedrive - ipc - instituto superior de engenharia de coimbra\escola\2017-18\1ºsemestre\poo\tp_poo\tp_poo\x64\debug\vc141.idb
c:\users\nunob\onedrive - ipc - instituto superior de engenharia de coimbra\escola\2017-18\1ºsemestre\poo\tp_poo\tp_poo\x64\debug\comandos.obj
c:\users\nunob\onedrive - ipc - instituto superior de engenharia de coimbra\escola\2017-18\1ºsemestre\poo\tp_poo\tp_poo\x64\debug\comunidade.obj
c:\users\nunob\onedrive - ipc - instituto superior de engenharia de coimbra\escola\2017-18\1ºsemestre\poo\tp_poo\tp_poo\x64\debug\consola.obj
c:\users\nunob\onedrive - ipc - instituto superior de engenharia de coimbra\escola\2017-18\1ºsemestre\poo\tp_poo\tp_poo\x64\debug\formiga.obj
c:\users\nunob\onedrive - ipc - instituto superior de engenharia de coimbra\escola\2017-18\1ºsemestre\poo\tp_poo\tp_poo\x64\debug\gestor.obj
c:\users\nunob\onedrive - ipc - instituto superior de engenharia de coimbra\escola\2017-18\1ºsemestre\poo\tp_poo\tp_poo\x64\debug\migalha.obj
c:\users\nunob\onedrive - ipc - instituto superior de engenharia de coimbra\escola\2017-18\1ºsemestre\poo\tp_poo\tp_poo\x64\debug\mundo.obj
c:\users\nunob\onedrive - ipc - instituto superior de engenharia de coimbra\escola\2017-18\1ºsemestre\poo\tp_poo\tp_poo\x64\debug\ninho.obj
c:\users\nunob\onedrive - ipc - instituto superior de engenharia de coimbra\escola\2017-18\1ºsemestre\poo\tp_poo\tp_poo\x64\debug\principal.obj
c:\users\nunob\onedrive - ipc - instituto superior de engenharia de coimbra\escola\2017-18\1ºsemestre\poo\tp_poo\tp_poo\x64\debug\regra.obj
c:\users\nunob\onedrive - ipc - instituto superior de engenharia de coimbra\escola\2017-18\1ºsemestre\poo\tp_poo\tp_poo\x64\debug\screen.obj
c:\users\nunob\onedrive - ipc - instituto superior de engenharia de coimbra\escola\2017-18\1ºsemestre\poo\tp_poo\x64\debug\tp_poo.pdb
c:\users\nunob\onedrive - ipc - instituto superior de engenharia de coimbra\escola\2017-18\1ºsemestre\poo\tp_poo\tp_poo\x64\debug\tp_poo.tlog\cl.command.1.tlog
c:\users\nunob\onedrive - ipc - instituto superior de engenharia de coimbra\escola\2017-18\1ºsemestre\poo\tp_poo\tp_poo\x64\debug\tp_poo.tlog\cl.read.1.tlog
c:\users\nunob\onedrive - ipc - instituto superior de engenharia de coimbra\escola\2017-18\1ºsemestre\poo\tp_poo\tp_poo\x64\debug\tp_poo.tlog\cl.write.1.tlog
c:\users\nunob\onedrive - ipc - instituto superior de engenharia de coimbra\escola\2017-18\1ºsemestre\poo\tp_poo\tp_poo\x64\debug\tp_poo.tlog\link-cvtres.read.1.tlog
c:\users\nunob\onedrive - ipc - instituto superior de engenharia de coimbra\escola\2017-18\1ºsemestre\poo\tp_poo\tp_poo\x64\debug\tp_poo.tlog\link-cvtres.write.1.tlog
c:\users\nunob\onedrive - ipc - instituto superior de engenharia de coimbra\escola\2017-18\1ºsemestre\poo\tp_poo\tp_poo\x64\debug\tp_poo.tlog\link-rc.read.1.tlog
c:\users\nunob\onedrive - ipc - instituto superior de engenharia de coimbra\escola\2017-18\1ºsemestre\poo\tp_poo\tp_poo\x64\debug\tp_poo.tlog\link-rc.write.1.tlog
c:\users\nunob\onedrive - ipc - instituto superior de engenharia de coimbra\escola\2017-18\1ºsemestre\poo\tp_poo\tp_poo\x64\debug\tp_poo.tlog\link.command.1.tlog
c:\users\nunob\onedrive - ipc - instituto superior de engenharia de coimbra\escola\2017-18\1ºsemestre\poo\tp_poo\tp_poo\x64\debug\tp_poo.tlog\link.read.1.tlog
c:\users\nunob\onedrive - ipc - instituto superior de engenharia de coimbra\escola\2017-18\1ºsemestre\poo\tp_poo\tp_poo\x64\debug\tp_poo.tlog\link.write.1.tlog
